<< CAP LS
<< PASS 4242
<< NICK bposa
<< USER bposa bposa localhost :Bruno Posa
>> :localhost NOTICE bposa_ :Attempts left: 7
>> :localhost NOTICE bposa_ :Enter password in format '/quote PASS <password>'
>> :localhost 001 bposa_ :Welcome to the ft_irc, WB edition ® Internet Relay Network
<< MODE bposa_ +i
<< WHOIS bposa
>> :localhost 002 bposa_ :Your host is localhost
>> :localhost 003 bposa_ :This server was created today
>> :localhost 004 bposa_ :localhost 1.0
<< PING localhost
>> :localhost PONG localhost :localhost
--> lag pong
<< CAP LS
<< PASS 4242
<< NICK bposa
<< USER bposa bposa localhost :Bruno Posa
>> :localhost NOTICE unknown :Attempts left: 9
>> :localhost NOTICE unknown :Enter password in format '/quote PASS <password>'
>> :localhost NOTICE unknown :Attempts left: 8
>> :localhost NOTICE unknown :Enter password in format '/quote PASS <password>'
>> :localhost 001 bposa___ :Welcome to the ft_irc, WB edition ® Internet Relay Network
<< MODE bposa___ +i
<< WHOIS bposa
>> :localhost 002 bposa___ :Your host is localhost
>> :localhost 003 bposa___ :This server was created today
>> :localhost 004 bposa___ :localhost 1.0
<< PING localhost
>> :localhost PONG localhost :localhost
--> lag pong
