<< CAP LS
<< NICK poopsie
<< USER bposa bposa irc.libera.chat :Bruno Posa
>> :erbium.libera.chat NOTICE * :*** Checking Ident
>> :erbium.libera.chat NOTICE * :*** Looking up your hostname...
>> :erbium.libera.chat NOTICE * :*** Couldn't look up your hostname
>> :erbium.libera.chat NOTICE * :*** No Ident response
>> :erbium.libera.chat CAP * LS :account-notify away-notify chghost extended-join multi-prefix sasl tls account-tag cap-notify echo-message server-time solanum.chat/identify-msg solanum.chat/oper solanum.chat/realhost
<< CAP REQ :multi-prefix
>> :erbium.libera.chat CAP poopsie ACK :multi-prefix
<< CAP END
>> :erbium.libera.chat 001 poopsie :Welcome to the Libera.Chat Internet Relay Chat Network poopsie
<< MODE poopsie +i
>> :erbium.libera.chat 002 poopsie :Your host is erbium.libera.chat[82.96.96.60/6697], running version solanum-1.0-dev
>> :erbium.libera.chat 003 poopsie :This server was created Thu Jul 18 2024 at 16:56:44 UTC
>> :erbium.libera.chat 004 poopsie erbium.libera.chat solanum-1.0-dev DGIMQRSZaghilopsuwz CFILMPQRSTbcefgijklmnopqrstuvz bkloveqjfI
>> :erbium.libera.chat 005 poopsie ACCOUNTEXTBAN=a SAFELIST ELIST=CMNTU MONITOR=100 FNC WHOX ETRACE KNOCK CALLERID=g CHANTYPES=# EXCEPTS INVEX :are supported by this server
>> :erbium.libera.chat 005 poopsie CHANMODES=eIbq,k,flj,CFLMPQRSTcgimnprstuz CHANLIMIT=#:250 PREFIX=(ov)@+ MAXLIST=bqeI:100 MODES=4 NETWORK=Libera.Chat STATUSMSG=@+ CASEMAPPING=rfc1459 NICKLEN=16 MAXNICKLEN=16 CHANNELLEN=50 TOPICLEN=390 :are supported by this server
>> :erbium.libera.chat 005 poopsie DEAF=D TARGMAX=NAMES:1,LIST:1,KICK:1,WHOIS:1,PRIVMSG:4,NOTICE:4,ACCEPT:,MONITOR: EXTBAN=$,agjrxz :are supported by this server
>> :erbium.libera.chat 251 poopsie :There are 61 users and 30910 invisible on 28 servers
>> :erbium.libera.chat 252 poopsie 40 :IRC Operators online
>> :erbium.libera.chat 253 poopsie 41 :unknown connection(s)
>> :erbium.libera.chat 254 poopsie 22512 :channels formed
>> :erbium.libera.chat 255 poopsie :I have 2020 clients and 1 servers
>> :erbium.libera.chat 265 poopsie 2020 2780 :Current local users 2020, max 2780
>> :erbium.libera.chat 266 poopsie 30971 34153 :Current global users 30971, max 34153
>> :erbium.libera.chat 250 poopsie :Highest connection count: 2781 (2780 clients) (603702 connections received)
>> :erbium.libera.chat 375 poopsie :- erbium.libera.chat Message of the Day - 
>> :erbium.libera.chat 372 poopsie :- Welcome to Libera Chat, the IRC network for
>> :erbium.libera.chat 372 poopsie :- free & open-source software and peer directed projects.
>> :erbium.libera.chat 372 poopsie :-  
>> :erbium.libera.chat 372 poopsie :- Use of Libera Chat is governed by our network policies.
>> :erbium.libera.chat 372 poopsie :-  
>> :erbium.libera.chat 372 poopsie :- To reduce network abuses we perform open proxy checks
>> :erbium.libera.chat 372 poopsie :- on hosts at connection time.
>> :erbium.libera.chat 372 poopsie :-  
>> :erbium.libera.chat 372 poopsie :- Please visit us in #libera for questions and support.
>> :erbium.libera.chat 372 poopsie :-  
>> :erbium.libera.chat 372 poopsie :- Website and documentation:  https://libera.chat
>> :erbium.libera.chat 372 poopsie :- Webchat:                    https://web.libera.chat
>> :erbium.libera.chat 372 poopsie :- Network policies:           https://libera.chat/policies
>> :erbium.libera.chat 372 poopsie :- Email:                      support@libera.chat
>> :erbium.libera.chat 376 poopsie :End of /MOTD command.
>> :poopsie MODE poopsie :+Ziw
<< PING erbium.libera.chat
>> :erbium.libera.chat PONG erbium.libera.chat :erbium.libera.chat
--> lag pong
<< PING erbium.libera.chat
>> :erbium.libera.chat PONG erbium.libera.chat :erbium.libera.chat
--> lag pong
<< PING erbium.libera.chat
>> :erbium.libera.chat PONG erbium.libera.chat :erbium.libera.chat
--> lag pong
<< PING erbium.libera.chat
>> :erbium.libera.chat PONG erbium.libera.chat :erbium.libera.chat
--> lag pong
<< PING erbium.libera.chat
>> :erbium.libera.chat PONG erbium.libera.chat :erbium.libera.chat
--> lag pong
<< PING erbium.libera.chat
>> :erbium.libera.chat PONG erbium.libera.chat :erbium.libera.chat
--> lag pong
<< PING erbium.libera.chat
>> :erbium.libera.chat PONG erbium.libera.chat :erbium.libera.chat
--> lag pong
<< PING erbium.libera.chat
>> :erbium.libera.chat PONG erbium.libera.chat :erbium.libera.chat
--> lag pong
<< PING erbium.libera.chat
>> :erbium.libera.chat PONG erbium.libera.chat :erbium.libera.chat
--> lag pong
<< PING erbium.libera.chat
>> :erbium.libera.chat PONG erbium.libera.chat :erbium.libera.chat
--> lag pong
<< PING erbium.libera.chat
>> :erbium.libera.chat PONG erbium.libera.chat :erbium.libera.chat
--> lag pong
<< PING erbium.libera.chat
>> :erbium.libera.chat PONG erbium.libera.chat :erbium.libera.chat
--> lag pong
<< PING erbium.libera.chat
>> :erbium.libera.chat PONG erbium.libera.chat :erbium.libera.chat
--> lag pong
<< PING erbium.libera.chat
>> :erbium.libera.chat PONG erbium.libera.chat :erbium.libera.chat
--> lag pong
<< PING erbium.libera.chat
>> :erbium.libera.chat PONG erbium.libera.chat :erbium.libera.chat
--> lag pong
<< PING erbium.libera.chat
>> :erbium.libera.chat PONG erbium.libera.chat :erbium.libera.chat
--> lag pong
<< PING erbium.libera.chat
>> :erbium.libera.chat PONG erbium.libera.chat :erbium.libera.chat
--> lag pong
<< PING erbium.libera.chat
>> :erbium.libera.chat PONG erbium.libera.chat :erbium.libera.chat
--> lag pong
<< PING erbium.libera.chat
>> :erbium.libera.chat PONG erbium.libera.chat :erbium.libera.chat
--> lag pong
<< PING erbium.libera.chat
>> :erbium.libera.chat PONG erbium.libera.chat :erbium.libera.chat
--> lag pong
<< PING erbium.libera.chat
>> :erbium.libera.chat PONG erbium.libera.chat :erbium.libera.chat
--> lag pong
<< PING erbium.libera.chat
>> :erbium.libera.chat PONG erbium.libera.chat :erbium.libera.chat
--> lag pong
<< PING erbium.libera.chat
>> :erbium.libera.chat PONG erbium.libera.chat :erbium.libera.chat
--> lag pong
<< PING erbium.libera.chat
>> :erbium.libera.chat PONG erbium.libera.chat :erbium.libera.chat
--> lag pong
<< PING erbium.libera.chat
>> :erbium.libera.chat PONG erbium.libera.chat :erbium.libera.chat
--> lag pong
<< PING erbium.libera.chat
>> :erbium.libera.chat PONG erbium.libera.chat :erbium.libera.chat
--> lag pong
<< PING erbium.libera.chat
>> :erbium.libera.chat PONG erbium.libera.chat :erbium.libera.chat
--> lag pong
<< PING erbium.libera.chat
>> :erbium.libera.chat PONG erbium.libera.chat :erbium.libera.chat
--> lag pong
<< PING erbium.libera.chat
>> :erbium.libera.chat PONG erbium.libera.chat :erbium.libera.chat
--> lag pong
<< PING erbium.libera.chat
>> :erbium.libera.chat PONG erbium.libera.chat :erbium.libera.chat
--> lag pong
<< PING erbium.libera.chat
>> :erbium.libera.chat PONG erbium.libera.chat :erbium.libera.chat
--> lag pong
<< PING erbium.libera.chat
>> :erbium.libera.chat PONG erbium.libera.chat :erbium.libera.chat
--> lag pong
<< PING erbium.libera.chat
>> :erbium.libera.chat PONG erbium.libera.chat :erbium.libera.chat
--> lag pong
<< PING erbium.libera.chat
>> :erbium.libera.chat PONG erbium.libera.chat :erbium.libera.chat
--> lag pong
<< PING erbium.libera.chat
>> :erbium.libera.chat PONG erbium.libera.chat :erbium.libera.chat
--> lag pong
<< PING erbium.libera.chat
>> :erbium.libera.chat PONG erbium.libera.chat :erbium.libera.chat
--> lag pong
<< PING erbium.libera.chat
>> :erbium.libera.chat PONG erbium.libera.chat :erbium.libera.chat
--> lag pong
<< PING erbium.libera.chat
>> :erbium.libera.chat PONG erbium.libera.chat :erbium.libera.chat
--> lag pong
<< PING erbium.libera.chat
>> :erbium.libera.chat PONG erbium.libera.chat :erbium.libera.chat
--> lag pong
<< PING erbium.libera.chat
>> :erbium.libera.chat PONG erbium.libera.chat :erbium.libera.chat
--> lag pong
<< PING erbium.libera.chat
>> :erbium.libera.chat PONG erbium.libera.chat :erbium.libera.chat
--> lag pong
<< PING erbium.libera.chat
>> :erbium.libera.chat PONG erbium.libera.chat :erbium.libera.chat
--> lag pong
<< PING erbium.libera.chat
>> :erbium.libera.chat PONG erbium.libera.chat :erbium.libera.chat
--> lag pong
<< PING erbium.libera.chat
>> :erbium.libera.chat PONG erbium.libera.chat :erbium.libera.chat
--> lag pong
<< PING erbium.libera.chat
>> :erbium.libera.chat PONG erbium.libera.chat :erbium.libera.chat
--> lag pong
<< PING erbium.libera.chat
>> :erbium.libera.chat PONG erbium.libera.chat :erbium.libera.chat
--> lag pong
<< PING erbium.libera.chat
>> :erbium.libera.chat PONG erbium.libera.chat :erbium.libera.chat
--> lag pong
<< PING erbium.libera.chat
>> :erbium.libera.chat PONG erbium.libera.chat :erbium.libera.chat
--> lag pong
<< PING erbium.libera.chat
>> :erbium.libera.chat PONG erbium.libera.chat :erbium.libera.chat
--> lag pong
<< PING erbium.libera.chat
>> :erbium.libera.chat PONG erbium.libera.chat :erbium.libera.chat
--> lag pong
<< PING erbium.libera.chat
>> :erbium.libera.chat PONG erbium.libera.chat :erbium.libera.chat
--> lag pong
<< PING erbium.libera.chat
>> :erbium.libera.chat PONG erbium.libera.chat :erbium.libera.chat
--> lag pong
<< PING erbium.libera.chat
>> :erbium.libera.chat PONG erbium.libera.chat :erbium.libera.chat
--> lag pong
<< PING erbium.libera.chat
>> :erbium.libera.chat PONG erbium.libera.chat :erbium.libera.chat
--> lag pong
<< PING erbium.libera.chat
>> :erbium.libera.chat PONG erbium.libera.chat :erbium.libera.chat
--> lag pong
<< PING erbium.libera.chat
>> :erbium.libera.chat PONG erbium.libera.chat :erbium.libera.chat
--> lag pong
<< PING erbium.libera.chat
>> :erbium.libera.chat PONG erbium.libera.chat :erbium.libera.chat
--> lag pong
<< PING erbium.libera.chat
>> :erbium.libera.chat PONG erbium.libera.chat :erbium.libera.chat
--> lag pong
<< PING erbium.libera.chat
>> :erbium.libera.chat PONG erbium.libera.chat :erbium.libera.chat
--> lag pong
<< PING erbium.libera.chat
>> :erbium.libera.chat PONG erbium.libera.chat :erbium.libera.chat
--> lag pong
<< PING erbium.libera.chat
>> :erbium.libera.chat PONG erbium.libera.chat :erbium.libera.chat
--> lag pong
<< PING erbium.libera.chat
>> :erbium.libera.chat PONG erbium.libera.chat :erbium.libera.chat
--> lag pong
<< PING erbium.libera.chat
>> :erbium.libera.chat PONG erbium.libera.chat :erbium.libera.chat
--> lag pong
<< QUIT :leaving
